<?xml version="1.0" encoding="UTF-8"?>
<testsuite xmlns:xsi="http://www.w3.org/2001/XMLSchema-instance" xsi:noNamespaceSchemaLocation="https://maven.apache.org/surefire/maven-surefire-plugin/xsd/surefire-test-report.xsd" name="co.uk.rightmove.runner.RightMoveToRentRunner" time="165.4" tests="39" errors="0" skipped="0" failures="0">
  <properties>
    <property name="sun.desktop" value="windows"/>
    <property name="awt.toolkit" value="sun.awt.windows.WToolkit"/>
    <property name="java.specification.version" value="9"/>
    <property name="file.encoding.pkg" value="sun.io"/>
    <property name="sun.cpu.isalist" value="amd64"/>
    <property name="sun.jnu.encoding" value="Cp1252"/>
    <property name="java.class.path" value="C:\Users\Rajkumar\eclipse-workspace\Rightmove\target\test-classes;C:\Users\Rajkumar\eclipse-workspace\Rightmove\target\classes;C:\Users\Rajkumar\.m2\repository\org\hamcrest\hamcrest-library\1.3\hamcrest-library-1.3.jar;C:\Users\Rajkumar\.m2\repository\org\hamcrest\hamcrest-core\1.3\hamcrest-core-1.3.jar;C:\Users\Rajkumar\.m2\repository\junit\junit\4.11\junit-4.11.jar;C:\Users\Rajkumar\.m2\repository\org\apache\maven\plugins\maven-compiler-plugin\3.7.0\maven-compiler-plugin-3.7.0.jar;C:\Users\Rajkumar\.m2\repository\org\apache\maven\maven-plugin-api\3.0\maven-plugin-api-3.0.jar;C:\Users\Rajkumar\.m2\repository\org\apache\maven\maven-model\3.0\maven-model-3.0.jar;C:\Users\Rajkumar\.m2\repository\org\sonatype\sisu\sisu-inject-plexus\1.4.2\sisu-inject-plexus-1.4.2.jar;C:\Users\Rajkumar\.m2\repository\org\sonatype\sisu\sisu-inject-bean\1.4.2\sisu-inject-bean-1.4.2.jar;C:\Users\Rajkumar\.m2\repository\org\sonatype\sisu\sisu-guice\2.1.7\sisu-guice-2.1.7-noaop.jar;C:\Users\Rajkumar\.m2\repository\org\apache\maven\maven-artifact\3.0\maven-artifact-3.0.jar;C:\Users\Rajkumar\.m2\repository\org\codehaus\plexus\plexus-utils\2.0.4\plexus-utils-2.0.4.jar;C:\Users\Rajkumar\.m2\repository\org\apache\maven\maven-core\3.0\maven-core-3.0.jar;C:\Users\Rajkumar\.m2\repository\org\apache\maven\maven-settings\3.0\maven-settings-3.0.jar;C:\Users\Rajkumar\.m2\repository\org\apache\maven\maven-settings-builder\3.0\maven-settings-builder-3.0.jar;C:\Users\Rajkumar\.m2\repository\org\apache\maven\maven-repository-metadata\3.0\maven-repository-metadata-3.0.jar;C:\Users\Rajkumar\.m2\repository\org\apache\maven\maven-model-builder\3.0\maven-model-builder-3.0.jar;C:\Users\Rajkumar\.m2\repository\org\apache\maven\maven-aether-provider\3.0\maven-aether-provider-3.0.jar;C:\Users\Rajkumar\.m2\repository\org\sonatype\aether\aether-impl\1.7\aether-impl-1.7.jar;C:\Users\Rajkumar\.m2\repository\org\sonatype\aether\aether-spi\1.7\aether-spi-1.7.jar;C:\Users\Rajkumar\.m2\repository\org\sonatype\aether\aether-api\1.7\aether-api-1.7.jar;C:\Users\Rajkumar\.m2\repository\org\sonatype\aether\aether-util\1.7\aether-util-1.7.jar;C:\Users\Rajkumar\.m2\repository\org\codehaus\plexus\plexus-interpolation\1.14\plexus-interpolation-1.14.jar;C:\Users\Rajkumar\.m2\repository\org\codehaus\plexus\plexus-classworlds\2.2.3\plexus-classworlds-2.2.3.jar;C:\Users\Rajkumar\.m2\repository\org\codehaus\plexus\plexus-component-annotations\1.5.5\plexus-component-annotations-1.5.5.jar;C:\Users\Rajkumar\.m2\repository\org\sonatype\plexus\plexus-sec-dispatcher\1.3\plexus-sec-dispatcher-1.3.jar;C:\Users\Rajkumar\.m2\repository\org\sonatype\plexus\plexus-cipher\1.4\plexus-cipher-1.4.jar;C:\Users\Rajkumar\.m2\repository\org\apache\maven\shared\maven-shared-utils\3.1.0\maven-shared-utils-3.1.0.jar;C:\Users\Rajkumar\.m2\repository\commons-io\commons-io\2.5\commons-io-2.5.jar;C:\Users\Rajkumar\.m2\repository\org\apache\maven\shared\maven-shared-incremental\1.1\maven-shared-incremental-1.1.jar;C:\Users\Rajkumar\.m2\repository\org\codehaus\plexus\plexus-java\0.9.2\plexus-java-0.9.2.jar;C:\Users\Rajkumar\.m2\repository\org\ow2\asm\asm\6.0_BETA\asm-6.0_BETA.jar;C:\Users\Rajkumar\.m2\repository\com\thoughtworks\qdox\qdox\2.0-M7\qdox-2.0-M7.jar;C:\Users\Rajkumar\.m2\repository\org\codehaus\plexus\plexus-compiler-api\2.8.2\plexus-compiler-api-2.8.2.jar;C:\Users\Rajkumar\.m2\repository\org\codehaus\plexus\plexus-compiler-manager\2.8.2\plexus-compiler-manager-2.8.2.jar;C:\Users\Rajkumar\.m2\repository\org\codehaus\plexus\plexus-compiler-javac\2.8.2\plexus-compiler-javac-2.8.2.jar;C:\Users\Rajkumar\.m2\repository\org\seleniumhq\selenium\selenium-java\3.7.0\selenium-java-3.7.0.jar;C:\Users\Rajkumar\.m2\repository\org\seleniumhq\selenium\selenium-api\3.7.0\selenium-api-3.7.0.jar;C:\Users\Rajkumar\.m2\repository\org\seleniumhq\selenium\selenium-chrome-driver\3.7.0\selenium-chrome-driver-3.7.0.jar;C:\Users\Rajkumar\.m2\repository\org\seleniumhq\selenium\selenium-edge-driver\3.7.0\selenium-edge-driver-3.7.0.jar;C:\Users\Rajkumar\.m2\repository\org\seleniumhq\selenium\selenium-firefox-driver\3.7.0\selenium-firefox-driver-3.7.0.jar;C:\Users\Rajkumar\.m2\repository\org\seleniumhq\selenium\selenium-ie-driver\3.7.0\selenium-ie-driver-3.7.0.jar;C:\Users\Rajkumar\.m2\repository\org\seleniumhq\selenium\selenium-opera-driver\3.7.0\selenium-opera-driver-3.7.0.jar;C:\Users\Rajkumar\.m2\repository\org\seleniumhq\selenium\selenium-remote-driver\3.7.0\selenium-remote-driver-3.7.0.jar;C:\Users\Rajkumar\.m2\repository\org\seleniumhq\selenium\selenium-safari-driver\3.7.0\selenium-safari-driver-3.7.0.jar;C:\Users\Rajkumar\.m2\repository\org\seleniumhq\selenium\selenium-support\3.7.0\selenium-support-3.7.0.jar;C:\Users\Rajkumar\.m2\repository\net\bytebuddy\byte-buddy\1.7.5\byte-buddy-1.7.5.jar;C:\Users\Rajkumar\.m2\repository\org\apache\commons\commons-exec\1.3\commons-exec-1.3.jar;C:\Users\Rajkumar\.m2\repository\commons-codec\commons-codec\1.10\commons-codec-1.10.jar;C:\Users\Rajkumar\.m2\repository\commons-logging\commons-logging\1.2\commons-logging-1.2.jar;C:\Users\Rajkumar\.m2\repository\com\google\code\gson\gson\2.8.2\gson-2.8.2.jar;C:\Users\Rajkumar\.m2\repository\com\google\guava\guava\23.0\guava-23.0.jar;C:\Users\Rajkumar\.m2\repository\com\google\code\findbugs\jsr305\1.3.9\jsr305-1.3.9.jar;C:\Users\Rajkumar\.m2\repository\com\google\errorprone\error_prone_annotations\2.0.18\error_prone_annotations-2.0.18.jar;C:\Users\Rajkumar\.m2\repository\com\google\j2objc\j2objc-annotations\1.1\j2objc-annotations-1.1.jar;C:\Users\Rajkumar\.m2\repository\org\codehaus\mojo\animal-sniffer-annotations\1.14\animal-sniffer-annotations-1.14.jar;C:\Users\Rajkumar\.m2\repository\org\apache\httpcomponents\httpclient\4.5.3\httpclient-4.5.3.jar;C:\Users\Rajkumar\.m2\repository\org\apache\httpcomponents\httpcore\4.4.6\httpcore-4.4.6.jar;C:\Users\Rajkumar\.m2\repository\info\cukes\cucumber-html\0.2.3\cucumber-html-0.2.3.jar;C:\Users\Rajkumar\.m2\repository\info\cukes\cucumber-java\1.2.4\cucumber-java-1.2.4.jar;C:\Users\Rajkumar\.m2\repository\info\cukes\cucumber-junit\1.2.4\cucumber-junit-1.2.4.jar;C:\Users\Rajkumar\.m2\repository\info\cukes\cucumber-core\1.2.4\cucumber-core-1.2.4.jar;C:\Users\Rajkumar\.m2\repository\info\cukes\cucumber-jvm-deps\1.0.5\cucumber-jvm-deps-1.0.5.jar;C:\Users\Rajkumar\.m2\repository\info\cukes\gherkin\2.12.2\gherkin-2.12.2.jar;"/>
    <property name="java.vm.vendor" value="Oracle Corporation"/>
    <property name="sun.arch.data.model" value="64"/>
    <property name="user.variant" value=""/>
    <property name="java.vendor.url" value="http://java.oracle.com/"/>
    <property name="user.timezone" value=""/>
    <property name="java.vm.specification.version" value="9"/>
    <property name="os.name" value="Windows 10"/>
    <property name="sun.java.launcher" value="SUN_STANDARD"/>
    <property name="user.country" value="US"/>
    <property name="sun.boot.library.path" value="C:\Program Files\Java\jdk-9.0.4\bin"/>
    <property name="sun.java.command" value="C:\Users\Rajkumar\AppData\Local\Temp\surefire24066334114155935\surefirebooter14519890613938631152.jar C:\Users\Rajkumar\AppData\Local\Temp\surefire24066334114155935 2018-05-04T10-01-57_243-jvmRun1 surefire15668638048480540567tmp surefire_015357880562608435360tmp"/>
    <property name="jdk.debug" value="release"/>
    <property name="surefire.test.class.path" value="C:\Users\Rajkumar\eclipse-workspace\Rightmove\target\test-classes;C:\Users\Rajkumar\eclipse-workspace\Rightmove\target\classes;C:\Users\Rajkumar\.m2\repository\org\hamcrest\hamcrest-library\1.3\hamcrest-library-1.3.jar;C:\Users\Rajkumar\.m2\repository\org\hamcrest\hamcrest-core\1.3\hamcrest-core-1.3.jar;C:\Users\Rajkumar\.m2\repository\junit\junit\4.11\junit-4.11.jar;C:\Users\Rajkumar\.m2\repository\org\apache\maven\plugins\maven-compiler-plugin\3.7.0\maven-compiler-plugin-3.7.0.jar;C:\Users\Rajkumar\.m2\repository\org\apache\maven\maven-plugin-api\3.0\maven-plugin-api-3.0.jar;C:\Users\Rajkumar\.m2\repository\org\apache\maven\maven-model\3.0\maven-model-3.0.jar;C:\Users\Rajkumar\.m2\repository\org\sonatype\sisu\sisu-inject-plexus\1.4.2\sisu-inject-plexus-1.4.2.jar;C:\Users\Rajkumar\.m2\repository\org\sonatype\sisu\sisu-inject-bean\1.4.2\sisu-inject-bean-1.4.2.jar;C:\Users\Rajkumar\.m2\repository\org\sonatype\sisu\sisu-guice\2.1.7\sisu-guice-2.1.7-noaop.jar;C:\Users\Rajkumar\.m2\repository\org\apache\maven\maven-artifact\3.0\maven-artifact-3.0.jar;C:\Users\Rajkumar\.m2\repository\org\codehaus\plexus\plexus-utils\2.0.4\plexus-utils-2.0.4.jar;C:\Users\Rajkumar\.m2\repository\org\apache\maven\maven-core\3.0\maven-core-3.0.jar;C:\Users\Rajkumar\.m2\repository\org\apache\maven\maven-settings\3.0\maven-settings-3.0.jar;C:\Users\Rajkumar\.m2\repository\org\apache\maven\maven-settings-builder\3.0\maven-settings-builder-3.0.jar;C:\Users\Rajkumar\.m2\repository\org\apache\maven\maven-repository-metadata\3.0\maven-repository-metadata-3.0.jar;C:\Users\Rajkumar\.m2\repository\org\apache\maven\maven-model-builder\3.0\maven-model-builder-3.0.jar;C:\Users\Rajkumar\.m2\repository\org\apache\maven\maven-aether-provider\3.0\maven-aether-provider-3.0.jar;C:\Users\Rajkumar\.m2\repository\org\sonatype\aether\aether-impl\1.7\aether-impl-1.7.jar;C:\Users\Rajkumar\.m2\repository\org\sonatype\aether\aether-spi\1.7\aether-spi-1.7.jar;C:\Users\Rajkumar\.m2\repository\org\sonatype\aether\aether-api\1.7\aether-api-1.7.jar;C:\Users\Rajkumar\.m2\repository\org\sonatype\aether\aether-util\1.7\aether-util-1.7.jar;C:\Users\Rajkumar\.m2\repository\org\codehaus\plexus\plexus-interpolation\1.14\plexus-interpolation-1.14.jar;C:\Users\Rajkumar\.m2\repository\org\codehaus\plexus\plexus-classworlds\2.2.3\plexus-classworlds-2.2.3.jar;C:\Users\Rajkumar\.m2\repository\org\codehaus\plexus\plexus-component-annotations\1.5.5\plexus-component-annotations-1.5.5.jar;C:\Users\Rajkumar\.m2\repository\org\sonatype\plexus\plexus-sec-dispatcher\1.3\plexus-sec-dispatcher-1.3.jar;C:\Users\Rajkumar\.m2\repository\org\sonatype\plexus\plexus-cipher\1.4\plexus-cipher-1.4.jar;C:\Users\Rajkumar\.m2\repository\org\apache\maven\shared\maven-shared-utils\3.1.0\maven-shared-utils-3.1.0.jar;C:\Users\Rajkumar\.m2\repository\commons-io\commons-io\2.5\commons-io-2.5.jar;C:\Users\Rajkumar\.m2\repository\org\apache\maven\shared\maven-shared-incremental\1.1\maven-shared-incremental-1.1.jar;C:\Users\Rajkumar\.m2\repository\org\codehaus\plexus\plexus-java\0.9.2\plexus-java-0.9.2.jar;C:\Users\Rajkumar\.m2\repository\org\ow2\asm\asm\6.0_BETA\asm-6.0_BETA.jar;C:\Users\Rajkumar\.m2\repository\com\thoughtworks\qdox\qdox\2.0-M7\qdox-2.0-M7.jar;C:\Users\Rajkumar\.m2\repository\org\codehaus\plexus\plexus-compiler-api\2.8.2\plexus-compiler-api-2.8.2.jar;C:\Users\Rajkumar\.m2\repository\org\codehaus\plexus\plexus-compiler-manager\2.8.2\plexus-compiler-manager-2.8.2.jar;C:\Users\Rajkumar\.m2\repository\org\codehaus\plexus\plexus-compiler-javac\2.8.2\plexus-compiler-javac-2.8.2.jar;C:\Users\Rajkumar\.m2\repository\org\seleniumhq\selenium\selenium-java\3.7.0\selenium-java-3.7.0.jar;C:\Users\Rajkumar\.m2\repository\org\seleniumhq\selenium\selenium-api\3.7.0\selenium-api-3.7.0.jar;C:\Users\Rajkumar\.m2\repository\org\seleniumhq\selenium\selenium-chrome-driver\3.7.0\selenium-chrome-driver-3.7.0.jar;C:\Users\Rajkumar\.m2\repository\org\seleniumhq\selenium\selenium-edge-driver\3.7.0\selenium-edge-driver-3.7.0.jar;C:\Users\Rajkumar\.m2\repository\org\seleniumhq\selenium\selenium-firefox-driver\3.7.0\selenium-firefox-driver-3.7.0.jar;C:\Users\Rajkumar\.m2\repository\org\seleniumhq\selenium\selenium-ie-driver\3.7.0\selenium-ie-driver-3.7.0.jar;C:\Users\Rajkumar\.m2\repository\org\seleniumhq\selenium\selenium-opera-driver\3.7.0\selenium-opera-driver-3.7.0.jar;C:\Users\Rajkumar\.m2\repository\org\seleniumhq\selenium\selenium-remote-driver\3.7.0\selenium-remote-driver-3.7.0.jar;C:\Users\Rajkumar\.m2\repository\org\seleniumhq\selenium\selenium-safari-driver\3.7.0\selenium-safari-driver-3.7.0.jar;C:\Users\Rajkumar\.m2\repository\org\seleniumhq\selenium\selenium-support\3.7.0\selenium-support-3.7.0.jar;C:\Users\Rajkumar\.m2\repository\net\bytebuddy\byte-buddy\1.7.5\byte-buddy-1.7.5.jar;C:\Users\Rajkumar\.m2\repository\org\apache\commons\commons-exec\1.3\commons-exec-1.3.jar;C:\Users\Rajkumar\.m2\repository\commons-codec\commons-codec\1.10\commons-codec-1.10.jar;C:\Users\Rajkumar\.m2\repository\commons-logging\commons-logging\1.2\commons-logging-1.2.jar;C:\Users\Rajkumar\.m2\repository\com\google\code\gson\gson\2.8.2\gson-2.8.2.jar;C:\Users\Rajkumar\.m2\repository\com\google\guava\guava\23.0\guava-23.0.jar;C:\Users\Rajkumar\.m2\repository\com\google\code\findbugs\jsr305\1.3.9\jsr305-1.3.9.jar;C:\Users\Rajkumar\.m2\repository\com\google\errorprone\error_prone_annotations\2.0.18\error_prone_annotations-2.0.18.jar;C:\Users\Rajkumar\.m2\repository\com\google\j2objc\j2objc-annotations\1.1\j2objc-annotations-1.1.jar;C:\Users\Rajkumar\.m2\repository\org\codehaus\mojo\animal-sniffer-annotations\1.14\animal-sniffer-annotations-1.14.jar;C:\Users\Rajkumar\.m2\repository\org\apache\httpcomponents\httpclient\4.5.3\httpclient-4.5.3.jar;C:\Users\Rajkumar\.m2\repository\org\apache\httpcomponents\httpcore\4.4.6\httpcore-4.4.6.jar;C:\Users\Rajkumar\.m2\repository\info\cukes\cucumber-html\0.2.3\cucumber-html-0.2.3.jar;C:\Users\Rajkumar\.m2\repository\info\cukes\cucumber-java\1.2.4\cucumber-java-1.2.4.jar;C:\Users\Rajkumar\.m2\repository\info\cukes\cucumber-junit\1.2.4\cucumber-junit-1.2.4.jar;C:\Users\Rajkumar\.m2\repository\info\cukes\cucumber-core\1.2.4\cucumber-core-1.2.4.jar;C:\Users\Rajkumar\.m2\repository\info\cukes\cucumber-jvm-deps\1.0.5\cucumber-jvm-deps-1.0.5.jar;C:\Users\Rajkumar\.m2\repository\info\cukes\gherkin\2.12.2\gherkin-2.12.2.jar;"/>
    <property name="sun.cpu.endian" value="little"/>
    <property name="user.home" value="C:\Users\Rajkumar"/>
    <property name="user.language" value="en"/>
    <property name="java.specification.vendor" value="Oracle Corporation"/>
    <property name="java.home" value="C:\Program Files\Java\jdk-9.0.4"/>
    <property name="file.separator" value="\"/>
    <property name="basedir" value="C:\Users\Rajkumar\eclipse-workspace\Rightmove"/>
    <property name="java.vm.compressedOopsMode" value="32-bit"/>
    <property name="line.separator" value="&#10;"/>
    <property name="java.vm.specification.vendor" value="Oracle Corporation"/>
    <property name="java.specification.name" value="Java Platform API Specification"/>
    <property name="java.awt.graphicsenv" value="sun.awt.Win32GraphicsEnvironment"/>
    <property name="surefire.real.class.path" value="C:\Users\Rajkumar\AppData\Local\Temp\surefire24066334114155935\surefirebooter14519890613938631152.jar"/>
    <property name="user.script" value=""/>
    <property name="sun.management.compiler" value="HotSpot 64-Bit Tiered Compilers"/>
    <property name="java.runtime.version" value="9.0.4+11"/>
    <property name="user.name" value="Rajkumar-HP"/>
    <property name="path.separator" value=";"/>
    <property name="os.version" value="10.0"/>
    <property name="java.runtime.name" value="Java(TM) SE Runtime Environment"/>
    <property name="file.encoding" value="Cp1252"/>
    <property name="java.vm.name" value="Java HotSpot(TM) 64-Bit Server VM"/>
    <property name="localRepository" value="C:\Users\Rajkumar\.m2\repository"/>
    <property name="java.vendor.url.bug" value="http://bugreport.java.com/bugreport/"/>
    <property name="java.io.tmpdir" value="C:\Users\Rajkumar\AppData\Local\Temp\"/>
    <property name="java.version" value="9.0.4"/>
    <property name="user.dir" value="C:\Users\Rajkumar\eclipse-workspace\Rightmove"/>
    <property name="os.arch" value="amd64"/>
    <property name="java.vm.specification.name" value="Java Virtual Machine Specification"/>
    <property name="java.awt.printerjob" value="sun.awt.windows.WPrinterJob"/>
    <property name="sun.os.patch.level" value=""/>
    <property name="java.library.path" value="C:\Program Files\Java\jdk-9.0.4\bin;C:\WINDOWS\Sun\Java\bin;C:\WINDOWS\system32;C:\WINDOWS;C:\Users\Rajkumar\bin;C:\Program Files\Git\mingw64\bin;C:\Program Files\Git\usr\local\bin;C:\Program Files\Git\usr\bin;C:\Program Files\Git\usr\bin;C:\Program Files\Git\mingw64\bin;C:\Program Files\Git\usr\bin;C:\Users\Rajkumar\bin;C:\Program Files\Broadcom\Broadcom 802.11\Driver;C:\Perl64\site\bin;C:\Perl64\bin;C:\ProgramData\Oracle\Java\javapath;C:\PROGRAM FILES (X86)\PC CONNECTIVITY SOLUTION;C:\PROGRAM FILES (X86)\INTEL\ICLS CLIENT;C:\PROGRAM FILES\INTEL\ICLS CLIENT;C:\WINDOWS\SYSTEM32;C:\WINDOWS;C:\WINDOWS\SYSTEM32\WBEM;C:\WINDOWS\SYSTEM32\WINDOWSPOWERSHELL\V1.0;C:\PROGRAM FILES\INTEL\INTEL(R) MANAGEMENT ENGINE COMPONENTS\DAL;C:\PROGRAM FILES\INTEL\INTEL(R) MANAGEMENT ENGINE COMPONENTS\IPT;C:\PROGRAM FILES (X86)\INTEL\INTEL(R) MANAGEMENT ENGINE COMPONENTS\DAL;C:\PROGRAM FILES (X86)\INTEL\INTEL(R) MANAGEMENT ENGINE COMPONENTS\IPT;C:\PROGRAM FILES (X86)\WINDOWS LIVE\SHARED;C:\Program Files\WIDCOMM\Bluetooth Software;C:\Program Files\WIDCOMM\Bluetooth Software\syswow64;C:\WINDOWS\system32;C:\WINDOWS\System32\Wbem;C:\WINDOWS\System32\WindowsPowerShell\v1.0;C:\Program Files (x86)\NVIDIA Corporation\PhysX\Common;C:\WINDOWS\system32;C:\WINDOWS;C:\WINDOWS\System32\Wbem;C:\WINDOWS\System32\WindowsPowerShell\v1.0;C:\Program Files (x86)\QuickTime\QTSystem;C:\Program Files\apache-maven-3.5.3\bin;C:\Program Files\Git\cmd;C:\Tcl\bin;C:\Program Files\Broadcom\Broadcom 802.11\Driver;C:\Perl64\site\bin;C:\Perl64\bin;C:\ProgramData\Oracle\Java\javapath;C:\PROGRAM FILES (X86)\PC CONNECTIVITY SOLUTION;C:\PROGRAM FILES (X86)\INTEL\ICLS CLIENT;C:\PROGRAM FILES\INTEL\ICLS CLIENT;C:\WINDOWS\SYSTEM32;C:\WINDOWS;C:\WINDOWS\SYSTEM32\WBEM;C:\WINDOWS\SYSTEM32\WINDOWSPOWERSHELL\V1.0;C:\PROGRAM FILES\INTEL\INTEL(R) MANAGEMENT ENGINE COMPONENTS\DAL;C:\PROGRAM FILES\INTEL\INTEL(R) MANAGEMENT ENGINE COMPONENTS\IPT;C:\PROGRAM FILES (X86)\INTEL\INTEL(R) MANAGEMENT ENGINE COMPONENTS\DAL;C:\PROGRAM FILES (X86)\INTEL\INTEL(R) MANAGEMENT ENGINE COMPONENTS\IPT;C:\PROGRAM FILES (X86)\WINDOWS LIVE\SHARED;C:\Program Files\WIDCOMM\Bluetooth Software;C:\Program Files\WIDCOMM\Bluetooth Software\syswow64;C:\WINDOWS\system32;C:\WINDOWS\System32\Wbem;C:\WINDOWS\System32\WindowsPowerShell\v1.0;C:\Program Files (x86)\NVIDIA Corporation\PhysX\Common;C:\WINDOWS\system32;C:\WINDOWS;C:\WINDOWS\System32\Wbem;C:\WINDOWS\System32\WindowsPowerShell\v1.0;C:\Program Files (x86)\QuickTime\QTSystem;C:\Program Files\apache-maven-3.5.3\bin;C:\Program Files\Git\cmd;C:\Users\Rajkumar\AppData\Local\Microsoft\WindowsApps;C:\Program Files\Git\usr\bin\vendor_perl;C:\Program Files\Git\usr\bin\core_perl;."/>
    <property name="java.vm.info" value="mixed mode"/>
    <property name="java.vendor" value="Oracle Corporation"/>
    <property name="java.vm.version" value="9.0.4+11"/>
    <property name="sun.io.unicode.encoding" value="UnicodeLittle"/>
    <property name="java.class.version" value="53.0"/>
  </properties>
  <testcase name="Given unsigned in user opens the rightmove url in chrome web browser" classname="Scenario: Verify if unsigned user able to open the rightmove webpage" time="0.003"/>
  <testcase name="Then unsigned in user should be able to see the page" classname="Scenario: Verify if unsigned user able to open the rightmove webpage" time="0"/>
  <testcase name="And unsigned in user closes the browser" classname="Scenario: Verify if unsigned user able to open the rightmove webpage" time="0"/>
  <testcase name="Scenario: Verify if unsigned user able to open the rightmove webpage" classname="Scenario: Verify if unsigned user able to open the rightmove webpage" time="0.001"/>
  <testcase name="Given unsigned in user opens the rightmove url in chrome web browser" classname="| W52 BF |" time="0"/>
  <testcase name="Then unsigned in user able to search &quot;W52 BF&quot; code for rent" classname="| W52 BF |" time="0"/>
  <testcase name="And invokes for rent button to search" classname="| W52 BF |" time="0"/>
  <testcase name="And unsigned in user closes the browser" classname="| W52 BF |" time="0"/>
  <testcase name="| W52 BF |" classname="| W52 BF |" time="0.001"/>
  <testcase name="Given unsigned in user opens the rightmove url in chrome web browser" classname="| W5 2BF | Within 5 miles | Bungalows | 500 PCM | 40,000 PCM | 1 | 5 | Last 3 days |" time="0"/>
  <testcase name="When unsigned in user able to search &quot;W5 2BF&quot; code for rent" classname="| W5 2BF | Within 5 miles | Bungalows | 500 PCM | 40,000 PCM | 1 | 5 | Last 3 days |" time="0"/>
  <testcase name="And invokes for rent button to search" classname="| W5 2BF | Within 5 miles | Bungalows | 500 PCM | 40,000 PCM | 1 | 5 | Last 3 days |" time="0"/>
  <testcase name="Then unsigned in user should land to the page with various search criteria for the &quot;W5 2BF&quot; for rent" classname="| W5 2BF | Within 5 miles | Bungalows | 500 PCM | 40,000 PCM | 1 | 5 | Last 3 days |" time="0"/>
  <testcase name="And unsigned in user should able to search by &quot;Within 5 miles&quot;, &quot;Bungalows&quot;, &quot;500 PCM&quot;, &quot;40,000 PCM&quot;, &quot;1&quot; ,&quot;5&quot; and &quot;Last 3 days&quot;" classname="| W5 2BF | Within 5 miles | Bungalows | 500 PCM | 40,000 PCM | 1 | 5 | Last 3 days |" time="0"/>
  <testcase name="And unsigned in user click on find properties" classname="| W5 2BF | Within 5 miles | Bungalows | 500 PCM | 40,000 PCM | 1 | 5 | Last 3 days |" time="0"/>
  <testcase name="And unsigned in user closes the browser" classname="| W5 2BF | Within 5 miles | Bungalows | 500 PCM | 40,000 PCM | 1 | 5 | Last 3 days |" time="0"/>
  <testcase name="| W5 2BF | Within 5 miles | Bungalows | 500 PCM | 40,000 PCM | 1 | 5 | Last 3 days |" classname="| W5 2BF | Within 5 miles | Bungalows | 500 PCM | 40,000 PCM | 1 | 5 | Last 3 days |" time="0"/>
  <testcase name="Given unsigned in user opens the rightmove url in chrome web browser" classname="| W5 2BF | Within 5 miles | Bungalows | 500 PCM | 40,000 PCM | 1 | 5 | Last 3 days | Newest Listed |" time="0"/>
  <testcase name="Given unsigned in user opens the rightmove url in chrome web browser" classname="| W5 2BF | Within 5 miles | Bungalows | 500 PCM | 40,000 PCM | 1 | 5 | Last 3 days | Newest Listed |" time="0"/>
  <testcase name="When unsigned in user able to search &quot;W5 2BF&quot; code for rent" classname="| W5 2BF | Within 5 miles | Bungalows | 500 PCM | 40,000 PCM | 1 | 5 | Last 3 days | Newest Listed |" time="0"/>
  <testcase name="When unsigned in user able to search &quot;W5 2BF&quot; code for rent" classname="| W5 2BF | Within 5 miles | Bungalows | 500 PCM | 40,000 PCM | 1 | 5 | Last 3 days | Newest Listed |" time="0.001"/>
  <testcase name="And invokes for rent button to search" classname="| W5 2BF | Within 5 miles | Bungalows | 500 PCM | 40,000 PCM | 1 | 5 | Last 3 days | Newest Listed |" time="0"/>
  <testcase name="And invokes for rent button to search" classname="| W5 2BF | Within 5 miles | Bungalows | 500 PCM | 40,000 PCM | 1 | 5 | Last 3 days | Newest Listed |" time="0.001"/>
  <testcase name="Then unsigned in user should land to the page with various search criteria for the &quot;W5 2BF&quot; for rent" classname="| W5 2BF | Within 5 miles | Bungalows | 500 PCM | 40,000 PCM | 1 | 5 | Last 3 days | Newest Listed |" time="0"/>
  <testcase name="Then unsigned in user should land to the page with various search criteria for the &quot;W5 2BF&quot; for rent" classname="| W5 2BF | Within 5 miles | Bungalows | 500 PCM | 40,000 PCM | 1 | 5 | Last 3 days | Newest Listed |" time="0"/>
  <testcase name="And unsigned in user should able to search by &quot;Within 5 miles&quot;, &quot;Bungalows&quot;, &quot;500 PCM&quot;, &quot;40,000 PCM&quot;, &quot;1&quot; ,&quot;5&quot; and &quot;Last 3 days&quot;" classname="| W5 2BF | Within 5 miles | Bungalows | 500 PCM | 40,000 PCM | 1 | 5 | Last 3 days | Newest Listed |" time="0"/>
  <testcase name="And unsigned in user should able to search by &quot;Within 5 miles&quot;, &quot;Bungalows&quot;, &quot;500 PCM&quot;, &quot;40,000 PCM&quot;, &quot;1&quot; ,&quot;5&quot; and &quot;Last 3 days&quot;" classname="| W5 2BF | Within 5 miles | Bungalows | 500 PCM | 40,000 PCM | 1 | 5 | Last 3 days | Newest Listed |" time="0"/>
  <testcase name="And unsigned in user click on find properties" classname="| W5 2BF | Within 5 miles | Bungalows | 500 PCM | 40,000 PCM | 1 | 5 | Last 3 days | Newest Listed |" time="0"/>
  <testcase name="And unsigned in user click on find properties" classname="| W5 2BF | Within 5 miles | Bungalows | 500 PCM | 40,000 PCM | 1 | 5 | Last 3 days | Newest Listed |" time="0"/>
  <testcase name="Then usigned in user should be able to land in properties listed page for the mentioned &quot;W5 2BF&quot; to rent" classname="| W5 2BF | Within 5 miles | Bungalows | 500 PCM | 40,000 PCM | 1 | 5 | Last 3 days | Newest Listed |" time="0"/>
  <testcase name="And unsigned in user should be able to sort property by &quot;Newest Listed&quot; listed" classname="| W5 2BF | Within 5 miles | Bungalows | 500 PCM | 40,000 PCM | 1 | 5 | Last 3 days | Newest Listed |" time="0"/>
  <testcase name="And unsigned in user should be able to sort property by &quot;Newest Listed&quot; listed" classname="| W5 2BF | Within 5 miles | Bungalows | 500 PCM | 40,000 PCM | 1 | 5 | Last 3 days | Newest Listed |" time="0"/>
  <testcase name="And unsigned in user closes the browser" classname="| W5 2BF | Within 5 miles | Bungalows | 500 PCM | 40,000 PCM | 1 | 5 | Last 3 days | Newest Listed |" time="0"/>
  <testcase name="And unsigned in user closes the browser" classname="| W5 2BF | Within 5 miles | Bungalows | 500 PCM | 40,000 PCM | 1 | 5 | Last 3 days | Newest Listed |" time="0"/>
  <testcase name="| W5 2BF | Within 5 miles | Bungalows | 500 PCM | 40,000 PCM | 1 | 5 | Last 3 days | Newest Listed |" classname="| W5 2BF | Within 5 miles | Bungalows | 500 PCM | 40,000 PCM | 1 | 5 | Last 3 days | Newest Listed |" time="0"/>
  <testcase name="| W5 2BF | Within 5 miles | Bungalows | 500 PCM | 40,000 PCM | 1 | 5 | Last 3 days | Newest Listed |" classname="| W5 2BF | Within 5 miles | Bungalows | 500 PCM | 40,000 PCM | 1 | 5 | Last 3 days | Newest Listed |" time="0"/>
  <testcase name="And usigned in user should be able to land in properties listed page for the mentioned &quot;W5 2BF&quot; to rent" classname="| W5 2BF | Within 5 miles | Bungalows | 500 PCM | 40,000 PCM | 1 | 5 | Last 3 days | Newest Listed |" time="0"/>
  <testcase name="And unsigned in user able to click the new listed to rent property" classname="| W5 2BF | Within 5 miles | Bungalows | 500 PCM | 40,000 PCM | 1 | 5 | Last 3 days | Newest Listed |" time="0"/>
  <testcase name="Then the new listed property page should open" classname="| W5 2BF | Within 5 miles | Bungalows | 500 PCM | 40,000 PCM | 1 | 5 | Last 3 days | Newest Listed |" time="0"/>
</testsuite>